<?xml version="1.0" encoding="UTF-8"?>
<!-- Generated by org.testng.reporters.JUnitReportReporter -->
<testsuite hostname="Tripthis-MBP.verizon.net" failures="0" tests="2" name="jsonBlobApi.tests" time="1.368" errors="0" timestamp="17 Apr 2020 20:44:36 GMT" skipped="0">
  <testcase classname="jsonBlobApi.tests" name="testBlogPost" time="1.368"/>
  <testcase classname="jsonBlobApi.tests" name="testUpdateblog" time="0.000"/>
</testsuite> <!-- jsonBlobApi.tests -->
