<?xml version="1.0" encoding="UTF-8"?>
<!-- Generated by org.testng.reporters.JUnitReportReporter -->
<testsuite hostname="Tripthis-MBP.verizon.net" failures="0" tests="2" name="jsonBlobApi.tests" time="2.308" errors="0" timestamp="18 Apr 2020 04:08:25 GMT" skipped="0">
  <testcase classname="jsonBlobApi.tests" name="testBlogPost" time="1.539"/>
  <testcase classname="jsonBlobApi.tests" name="testBlogUpdateAndDelete" time="0.769"/>
</testsuite> <!-- jsonBlobApi.tests -->
