<?xml version="1.0" encoding="UTF-8"?>
<!-- Generated by org.testng.reporters.JUnitReportReporter -->
<testsuite hostname="Tripthis-MBP.verizon.net" failures="0" tests="2" name="jsonBlobApi.tests" time="2.414" errors="0" timestamp="18 Apr 2020 00:39:30 GMT" skipped="0">
  <testcase classname="jsonBlobApi.tests" name="testBlogPost" time="1.515"/>
  <testcase classname="jsonBlobApi.tests" name="testBlogUpdate" time="0.899"/>
</testsuite> <!-- jsonBlobApi.tests -->
